<?xml version="1.0" encoding="UTF-8"?>
<!-- Generated by org.testng.reporters.JUnitReportReporter -->
<testsuite hostname="DESKTOP-94BPE5M" failures="0" tests="1" name="Amazon_Login_Automate.AmazonProject.BaseTest" time="6.943" errors="0" timestamp="2025-09-28T22:10:53 IST" skipped="0">
  <testcase classname="Amazon_Login_Automate.AmazonProject.BaseTest" name="testSignIn" time="6.943"/>
</testsuite> <!-- Amazon_Login_Automate.AmazonProject.BaseTest -->
