<?xml version="1.0" encoding="UTF-8"?>
<!-- Generated by org.testng.reporters.JUnitReportReporter -->
<testsuite hostname="DESKTOP-94BPE5M" failures="0" tests="1" name="Amazon_Login_Automate.AmazonProject.TestSignIn" time="5.300" errors="0" timestamp="2025-10-02T16:27:10 IST" skipped="0">
  <testcase classname="Amazon_Login_Automate.AmazonProject.TestSignIn" name="signIn" time="5.300"/>
</testsuite> <!-- Amazon_Login_Automate.AmazonProject.TestSignIn -->
