<?xml version="1.0" encoding="UTF-8"?>
<!-- Generated by org.testng.reporters.JUnitReportReporter -->
<testsuite hostname="DESKTOP-94BPE5M" failures="0" tests="1" name="Amazon_Login_Automate.AmazonProject.TestProductList" time="3.126" errors="0" timestamp="2025-10-16T00:25:28 IST" skipped="0">
  <testcase classname="Amazon_Login_Automate.AmazonProject.TestProductList" name="productListOperations" time="3.126"/>
</testsuite> <!-- Amazon_Login_Automate.AmazonProject.TestProductList -->
