<?xml version="1.0" encoding="UTF-8"?>
<!-- Generated by org.testng.reporters.JUnitReportReporter -->
<testsuite hostname="DESKTOP-94BPE5M" failures="0" tests="1" name="Amazon_Login_Automate.AmazonProject.TestProductDetail" time="1.976" errors="0" timestamp="2025-10-06T22:58:49 IST" skipped="0">
  <testcase classname="Amazon_Login_Automate.AmazonProject.TestProductDetail" name="prodDetail" time="1.976"/>
</testsuite> <!-- Amazon_Login_Automate.AmazonProject.TestProductDetail -->
