<?xml version="1.0" encoding="UTF-8"?>
<!-- Generated by org.testng.reporters.JUnitReportReporter -->
<testsuite hostname="DESKTOP-94BPE5M" failures="0" tests="1" name="Amazon_Login_Automate.AmazonProject.TestProductDetail" time="5.028" errors="0" timestamp="2025-10-12T23:39:11 IST" skipped="0">
  <testcase classname="Amazon_Login_Automate.AmazonProject.TestProductDetail" name="productDetail" time="5.028"/>
</testsuite> <!-- Amazon_Login_Automate.AmazonProject.TestProductDetail -->
